2025-09-26T11:21:03.148+09:00  INFO 12456 --- [sboard] [Test worker] kr.co.sboard.SboardApplicationTests      : Starting SboardApplicationTests using Java 17.0.0.1 with PID 12456 (started by GGG in C:\Users\GGG\Desktop\workspace\sboard)
2025-09-26T11:21:03.157+09:00  INFO 12456 --- [sboard] [Test worker] kr.co.sboard.SboardApplicationTests      : No active profile set, falling back to 1 default profile: "default"
2025-09-26T11:21:04.059+09:00  INFO 12456 --- [sboard] [Test worker] .s.d.r.c.RepositoryConfigurationDelegate : Bootstrapping Spring Data JPA repositories in DEFAULT mode.
2025-09-26T11:21:04.080+09:00  INFO 12456 --- [sboard] [Test worker] .s.d.r.c.RepositoryConfigurationDelegate : Finished Spring Data repository scanning in 6 ms. Found 0 JPA repository interfaces.
2025-09-26T11:21:04.262+09:00  WARN 12456 --- [sboard] [Test worker] o.m.s.mapper.ClassPathMapperScanner      : No MyBatis mapper was found in '[kr.co.sboard]' package. Please check your configuration.
2025-09-26T11:21:04.760+09:00  INFO 12456 --- [sboard] [Test worker] o.hibernate.jpa.internal.util.LogHelper  : HHH000204: Processing PersistenceUnitInfo [name: default]
2025-09-26T11:21:04.838+09:00  INFO 12456 --- [sboard] [Test worker] org.hibernate.Version                    : HHH000412: Hibernate ORM core version 6.6.29.Final
2025-09-26T11:21:04.889+09:00  INFO 12456 --- [sboard] [Test worker] o.h.c.internal.RegionFactoryInitiator    : HHH000026: Second-level cache disabled
2025-09-26T11:21:05.293+09:00  INFO 12456 --- [sboard] [Test worker] o.s.o.j.p.SpringPersistenceUnitInfo      : No LoadTimeWeaver setup: ignoring JPA class transformer
2025-09-26T11:21:05.331+09:00  INFO 12456 --- [sboard] [Test worker] com.zaxxer.hikari.HikariDataSource       : HikariPool-1 - Starting...
2025-09-26T11:21:05.340+09:00  WARN 12456 --- [sboard] [Test worker] c.zaxxer.hikari.util.DriverDataSource    : Registered driver with driverClassName=oracle.jdbc.driver.OracleDriver was not found, trying direct instantiation.
2025-09-26T11:21:05.801+09:00  INFO 12456 --- [sboard] [Test worker] com.zaxxer.hikari.pool.HikariPool        : HikariPool-1 - Added connection oracle.jdbc.driver.T4CConnection@3199a202
2025-09-26T11:21:05.803+09:00  INFO 12456 --- [sboard] [Test worker] com.zaxxer.hikari.HikariDataSource       : HikariPool-1 - Start completed.
2025-09-26T11:21:06.189+09:00  INFO 12456 --- [sboard] [Test worker] org.hibernate.orm.connections.pooling    : HHH10001005: Database info:
	Database JDBC URL [Connecting through datasource 'HikariDataSource (HikariPool-1)']
	Database driver: undefined/unknown
	Database version: 21.3
	Autocommit mode: undefined/unknown
	Isolation level: undefined/unknown
	Minimum pool size: undefined/unknown
	Maximum pool size: undefined/unknown
2025-09-26T11:21:06.585+09:00  INFO 12456 --- [sboard] [Test worker] o.h.e.t.j.p.i.JtaPlatformInitiator       : HHH000489: No JTA platform available (set 'hibernate.transaction.jta.platform' to enable JTA platform integration)
2025-09-26T11:21:06.592+09:00  INFO 12456 --- [sboard] [Test worker] j.LocalContainerEntityManagerFactoryBean : Initialized JPA EntityManagerFactory for persistence unit 'default'
2025-09-26T11:21:06.755+09:00  WARN 12456 --- [sboard] [Test worker] JpaBaseConfiguration$JpaWebConfiguration : spring.jpa.open-in-view is enabled by default. Therefore, database queries may be performed during view rendering. Explicitly configure spring.jpa.open-in-view to disable this warning
2025-09-26T11:21:06.794+09:00  INFO 12456 --- [sboard] [Test worker] o.s.b.a.w.s.WelcomePageHandlerMapping    : Adding welcome page template: index
2025-09-26T11:21:07.414+09:00  WARN 12456 --- [sboard] [Test worker] .s.s.UserDetailsServiceAutoConfiguration : 

Using generated security password: 5e4638bd-5dbf-4978-858c-554a1a7335c5

This generated password is for development use only. Your security configuration must be updated before running your application in production.

2025-09-26T11:21:07.423+09:00  INFO 12456 --- [sboard] [Test worker] r$InitializeUserDetailsManagerConfigurer : Global AuthenticationManager configured with UserDetailsService bean with name inMemoryUserDetailsManager
2025-09-26T11:21:07.607+09:00  INFO 12456 --- [sboard] [Test worker] kr.co.sboard.SboardApplicationTests      : Started SboardApplicationTests in 4.915 seconds (process running for 6.364)
2025-09-26T11:21:08.209+09:00  INFO 12456 --- [sboard] [SpringApplicationShutdownHook] j.LocalContainerEntityManagerFactoryBean : Closing JPA EntityManagerFactory for persistence unit 'default'
2025-09-26T11:21:08.211+09:00  INFO 12456 --- [sboard] [SpringApplicationShutdownHook] com.zaxxer.hikari.HikariDataSource       : HikariPool-1 - Shutdown initiated...
2025-09-26T11:21:08.227+09:00  INFO 12456 --- [sboard] [SpringApplicationShutdownHook] com.zaxxer.hikari.HikariDataSource       : HikariPool-1 - Shutdown completed.
